app/build/intermediates/manifest_merge_blame_file/debug/processDebugMainManifest/manifest-merger-blame-debug-report.txt
1<?xml version="1.0" encoding="utf-8"?>
2<manifest xmlns:android="http://schemas.android.com/apk/res/android"
3    package="com.chilenoapps.idepth26"
4    android:versionCode="9"
5    android:versionName="1.7.0" >
6
7    <uses-sdk
8        android:minSdkVersion="27"
9        android:targetSdkVersion="36" />
10
11    <uses-feature
11-->src\main\AndroidManifest.xml:4:5-6:35
12        android:name="android.software.live_wallpaper"
12-->src\main\AndroidManifest.xml:5:9-55
13        android:required="true" />
13-->src\main\AndroidManifest.xml:6:9-32
14    <uses-feature
14-->src\main\AndroidManifest.xml:7:5-9:36
15        android:name="android.hardware.sensor.gyroscope"
15-->src\main\AndroidManifest.xml:8:9-57
16        android:required="false" />
16-->src\main\AndroidManifest.xml:9:9-33
17
18    <uses-permission android:name="android.permission.SET_WALLPAPER" />
18-->src\main\AndroidManifest.xml:11:5-72
18-->src\main\AndroidManifest.xml:11:22-69
19    <uses-permission android:name="android.permission.WAKE_LOCK" />
19-->src\main\AndroidManifest.xml:12:5-68
19-->src\main\AndroidManifest.xml:12:22-65
20    <uses-permission android:name="android.permission.INTERNET" />
20-->src\main\AndroidManifest.xml:13:5-67
20-->src\main\AndroidManifest.xml:13:22-64
21    <uses-permission android:name="com.android.vending.BILLING" />
21-->src\main\AndroidManifest.xml:14:5-67
21-->src\main\AndroidManifest.xml:14:22-64
22
23    <queries>
23-->[com.android.billingclient:billing:9.1.0] AndroidManifest.xml:12:5-19:15
24        <intent>
24-->[com.android.billingclient:billing:9.1.0] AndroidManifest.xml:13:9-15:18
25            <action android:name="com.android.vending.billing.InAppBillingService.BIND" />
25-->[com.android.billingclient:billing:9.1.0] AndroidManifest.xml:14:13-91
25-->[com.android.billingclient:billing:9.1.0] AndroidManifest.xml:14:21-88
26        </intent>
27        <intent>
27-->[com.android.billingclient:billing:9.1.0] AndroidManifest.xml:16:9-18:18
28            <action android:name="com.google.android.apps.play.billingtestcompanion.BillingOverrideService.BIND" />
28-->[com.android.billingclient:billing:9.1.0] AndroidManifest.xml:17:13-116
28-->[com.android.billingclient:billing:9.1.0] AndroidManifest.xml:17:21-113
29        </intent>
30    </queries>
31
32    <permission
32-->[androidx.core:core:1.15.0] AndroidManifest.xml:22:5-24:47
33        android:name="com.chilenoapps.idepth26.DYNAMIC_RECEIVER_NOT_EXPORTED_PERMISSION"
33-->[androidx.core:core:1.15.0] AndroidManifest.xml:23:9-81
34        android:protectionLevel="signature" />
34-->[androidx.core:core:1.15.0] AndroidManifest.xml:24:9-44
35
36    <uses-permission android:name="com.chilenoapps.idepth26.DYNAMIC_RECEIVER_NOT_EXPORTED_PERMISSION" /> <!-- Although the *SdkVersion is captured in gradle build files, this is required for non gradle builds -->
36-->[androidx.core:core:1.15.0] AndroidManifest.xml:26:5-97
36-->[androidx.core:core:1.15.0] AndroidManifest.xml:26:22-94
37    <!-- <uses-sdk android:minSdkVersion="14"/> -->
38    <uses-permission android:name="android.permission.ACCESS_NETWORK_STATE" />
38-->[com.google.android.datatransport:transport-backend-cct:3.1.8] AndroidManifest.xml:24:5-79
38-->[com.google.android.datatransport:transport-backend-cct:3.1.8] AndroidManifest.xml:24:22-76
39
40    <application
40-->src\main\AndroidManifest.xml:16:5-70:19
41        android:allowBackup="true"
41-->src\main\AndroidManifest.xml:17:9-35
42        android:appComponentFactory="androidx.core.app.CoreComponentFactory"
42-->[androidx.core:core:1.15.0] AndroidManifest.xml:28:18-86
43        android:debuggable="true"
44        android:extractNativeLibs="false"
45        android:icon="@drawable/ic_launcher"
45-->src\main\AndroidManifest.xml:18:9-45
46        android:label="@string/app_name"
46-->src\main\AndroidManifest.xml:19:9-41
47        android:roundIcon="@drawable/ic_launcher"
47-->src\main\AndroidManifest.xml:20:9-50
48        android:supportsRtl="true"
48-->src\main\AndroidManifest.xml:21:9-35
49        android:theme="@style/AppTheme" >
49-->src\main\AndroidManifest.xml:22:9-40
50        <meta-data
50-->src\main\AndroidManifest.xml:24:9-26:47
51            android:name="com.google.mlkit.vision.DEPENDENCIES"
51-->src\main\AndroidManifest.xml:25:13-64
52            android:value="subject_segment" />
52-->src\main\AndroidManifest.xml:26:13-44
53
54        <activity
54-->src\main\AndroidManifest.xml:28:9-31:52
55            android:name="com.chilenoapps.idepth26.AdminActivity"
55-->src\main\AndroidManifest.xml:29:13-42
56            android:exported="false"
56-->src\main\AndroidManifest.xml:30:13-37
57            android:screenOrientation="portrait" />
57-->src\main\AndroidManifest.xml:31:13-49
58        <activity
58-->src\main\AndroidManifest.xml:33:9-36:52
59            android:name="com.chilenoapps.idepth26.VipActivity"
59-->src\main\AndroidManifest.xml:34:13-40
60            android:exported="false"
60-->src\main\AndroidManifest.xml:35:13-37
61            android:screenOrientation="portrait" />
61-->src\main\AndroidManifest.xml:36:13-49
62        <activity
62-->src\main\AndroidManifest.xml:38:9-41:52
63            android:name="com.chilenoapps.idepth26.WallpaperAdjustActivity"
63-->src\main\AndroidManifest.xml:39:13-52
64            android:exported="false"
64-->src\main\AndroidManifest.xml:40:13-37
65            android:screenOrientation="portrait" />
65-->src\main\AndroidManifest.xml:41:13-49
66        <activity
66-->src\main\AndroidManifest.xml:43:9-50:20
67            android:name="com.chilenoapps.idepth26.MainActivity"
67-->src\main\AndroidManifest.xml:44:13-41
68            android:exported="true" >
68-->src\main\AndroidManifest.xml:45:13-36
69            <intent-filter>
69-->src\main\AndroidManifest.xml:46:13-49:29
70                <action android:name="android.intent.action.MAIN" />
70-->src\main\AndroidManifest.xml:47:17-69
70-->src\main\AndroidManifest.xml:47:25-66
71
72                <category android:name="android.intent.category.LAUNCHER" />
72-->src\main\AndroidManifest.xml:48:17-77
72-->src\main\AndroidManifest.xml:48:27-74
73            </intent-filter>
74        </activity>
75
76        <service
76-->src\main\AndroidManifest.xml:52:9-64:19
77            android:name="com.chilenoapps.idepth26.DepthWallpaperService"
77-->src\main\AndroidManifest.xml:53:13-50
78            android:enabled="true"
78-->src\main\AndroidManifest.xml:54:13-35
79            android:exported="true"
79-->src\main\AndroidManifest.xml:55:13-36
80            android:label="@string/wallpaper_service_name"
80-->src\main\AndroidManifest.xml:56:13-59
81            android:permission="android.permission.BIND_WALLPAPER" >
81-->src\main\AndroidManifest.xml:57:13-67
82            <intent-filter>
82-->src\main\AndroidManifest.xml:58:13-60:29
83                <action android:name="android.service.wallpaper.WallpaperService" />
83-->src\main\AndroidManifest.xml:59:17-85
83-->src\main\AndroidManifest.xml:59:25-82
84            </intent-filter>
85
86            <meta-data
86-->src\main\AndroidManifest.xml:61:13-63:53
87                android:name="android.service.wallpaper"
87-->src\main\AndroidManifest.xml:62:17-57
88                android:resource="@xml/wallpaper" />
88-->src\main\AndroidManifest.xml:63:17-50
89        </service>
90
91        <receiver
91-->src\main\AndroidManifest.xml:66:9-69:40
92            android:name="com.chilenoapps.idepth26.AutoChangeReceiver"
92-->src\main\AndroidManifest.xml:67:13-47
93            android:enabled="true"
93-->src\main\AndroidManifest.xml:68:13-35
94            android:exported="false" />
94-->src\main\AndroidManifest.xml:69:13-37
95
96        <meta-data
96-->[com.android.billingclient:billing:9.1.0] AndroidManifest.xml:22:9-24:37
97            android:name="com.google.android.play.billingclient.version"
97-->[com.android.billingclient:billing:9.1.0] AndroidManifest.xml:23:13-73
98            android:value="9.1.0" />
98-->[com.android.billingclient:billing:9.1.0] AndroidManifest.xml:24:13-34
99
100        <activity
100-->[com.android.billingclient:billing:9.1.0] AndroidManifest.xml:26:9-30:75
101            android:name="com.android.billingclient.api.ProxyBillingActivity"
101-->[com.android.billingclient:billing:9.1.0] AndroidManifest.xml:27:13-78
102            android:configChanges="keyboard|keyboardHidden|screenLayout|screenSize|orientation"
102-->[com.android.billingclient:billing:9.1.0] AndroidManifest.xml:28:13-96
103            android:exported="false"
103-->[com.android.billingclient:billing:9.1.0] AndroidManifest.xml:29:13-37
104            android:theme="@android:style/Theme.Translucent.NoTitleBar" />
104-->[com.android.billingclient:billing:9.1.0] AndroidManifest.xml:30:13-72
105        <activity
105-->[com.android.billingclient:billing:9.1.0] AndroidManifest.xml:31:9-35:75
106            android:name="com.android.billingclient.api.ProxyBillingActivityV2"
106-->[com.android.billingclient:billing:9.1.0] AndroidManifest.xml:32:13-80
107            android:configChanges="keyboard|keyboardHidden|screenLayout|screenSize|orientation"
107-->[com.android.billingclient:billing:9.1.0] AndroidManifest.xml:33:13-96
108            android:exported="false"
108-->[com.android.billingclient:billing:9.1.0] AndroidManifest.xml:34:13-37
109            android:theme="@android:style/Theme.Translucent.NoTitleBar" />
109-->[com.android.billingclient:billing:9.1.0] AndroidManifest.xml:35:13-72
110
111        <service
111-->[com.google.android.gms:play-services-mlkit-subject-segmentation:16.0.0-beta1] AndroidManifest.xml:8:9-14:19
112            android:name="com.google.mlkit.common.internal.MlKitComponentDiscoveryService"
112-->[com.google.android.gms:play-services-mlkit-subject-segmentation:16.0.0-beta1] AndroidManifest.xml:9:13-91
113            android:directBootAware="true"
113-->[com.google.mlkit:common:18.10.0] AndroidManifest.xml:17:13-43
114            android:exported="false" >
114-->[com.google.android.gms:play-services-mlkit-subject-segmentation:16.0.0-beta1] AndroidManifest.xml:10:13-37
115            <meta-data
115-->[com.google.android.gms:play-services-mlkit-subject-segmentation:16.0.0-beta1] AndroidManifest.xml:11:13-13:85
116                android:name="com.google.firebase.components:com.google.mlkit.vision.segmentation.subject.internal.SubjectSegmentationRegistrar"
116-->[com.google.android.gms:play-services-mlkit-subject-segmentation:16.0.0-beta1] AndroidManifest.xml:12:17-145
117                android:value="com.google.firebase.components.ComponentRegistrar" />
117-->[com.google.android.gms:play-services-mlkit-subject-segmentation:16.0.0-beta1] AndroidManifest.xml:13:17-82
118            <meta-data
118-->[com.google.mlkit:vision-common:17.3.0] AndroidManifest.xml:12:13-14:85
119                android:name="com.google.firebase.components:com.google.mlkit.vision.common.internal.VisionCommonRegistrar"
119-->[com.google.mlkit:vision-common:17.3.0] AndroidManifest.xml:13:17-124
120                android:value="com.google.firebase.components.ComponentRegistrar" />
120-->[com.google.mlkit:vision-common:17.3.0] AndroidManifest.xml:14:17-82
121            <meta-data
121-->[com.google.mlkit:common:18.10.0] AndroidManifest.xml:20:13-22:85
122                android:name="com.google.firebase.components:com.google.mlkit.common.internal.CommonComponentRegistrar"
122-->[com.google.mlkit:common:18.10.0] AndroidManifest.xml:21:17-120
123                android:value="com.google.firebase.components.ComponentRegistrar" />
123-->[com.google.mlkit:common:18.10.0] AndroidManifest.xml:22:17-82
124        </service>
125
126        <provider
126-->[com.google.mlkit:common:18.10.0] AndroidManifest.xml:9:9-13:38
127            android:name="com.google.mlkit.common.internal.MlKitInitProvider"
127-->[com.google.mlkit:common:18.10.0] AndroidManifest.xml:10:13-78
128            android:authorities="com.chilenoapps.idepth26.mlkitinitprovider"
128-->[com.google.mlkit:common:18.10.0] AndroidManifest.xml:11:13-69
129            android:exported="false"
129-->[com.google.mlkit:common:18.10.0] AndroidManifest.xml:12:13-37
130            android:initOrder="99" />
130-->[com.google.mlkit:common:18.10.0] AndroidManifest.xml:13:13-35
131
132        <activity
132-->[com.google.android.gms:play-services-base:18.5.0] AndroidManifest.xml:5:9-173
133            android:name="com.google.android.gms.common.api.GoogleApiActivity"
133-->[com.google.android.gms:play-services-base:18.5.0] AndroidManifest.xml:5:19-85
134            android:exported="false"
134-->[com.google.android.gms:play-services-base:18.5.0] AndroidManifest.xml:5:146-170
135            android:theme="@android:style/Theme.Translucent.NoTitleBar" />
135-->[com.google.android.gms:play-services-base:18.5.0] AndroidManifest.xml:5:86-145
136
137        <meta-data
137-->[com.google.android.gms:play-services-basement:18.9.0] AndroidManifest.xml:21:9-23:69
138            android:name="com.google.android.gms.version"
138-->[com.google.android.gms:play-services-basement:18.9.0] AndroidManifest.xml:22:13-58
139            android:value="@integer/google_play_services_version" />
139-->[com.google.android.gms:play-services-basement:18.9.0] AndroidManifest.xml:23:13-66
140
141        <provider
141-->[androidx.emoji2:emoji2:1.2.0] AndroidManifest.xml:24:9-32:20
142            android:name="androidx.startup.InitializationProvider"
142-->[androidx.emoji2:emoji2:1.2.0] AndroidManifest.xml:25:13-67
143            android:authorities="com.chilenoapps.idepth26.androidx-startup"
143-->[androidx.emoji2:emoji2:1.2.0] AndroidManifest.xml:26:13-68
144            android:exported="false" >
144-->[androidx.emoji2:emoji2:1.2.0] AndroidManifest.xml:27:13-37
145            <meta-data
145-->[androidx.emoji2:emoji2:1.2.0] AndroidManifest.xml:29:13-31:52
146                android:name="androidx.emoji2.text.EmojiCompatInitializer"
146-->[androidx.emoji2:emoji2:1.2.0] AndroidManifest.xml:30:17-75
147                android:value="androidx.startup" />
147-->[androidx.emoji2:emoji2:1.2.0] AndroidManifest.xml:31:17-49
148            <meta-data
148-->[androidx.lifecycle:lifecycle-process:2.6.2] AndroidManifest.xml:29:13-31:52
149                android:name="androidx.lifecycle.ProcessLifecycleInitializer"
149-->[androidx.lifecycle:lifecycle-process:2.6.2] AndroidManifest.xml:30:17-78
150                android:value="androidx.startup" />
150-->[androidx.lifecycle:lifecycle-process:2.6.2] AndroidManifest.xml:31:17-49
151            <meta-data
151-->[androidx.profileinstaller:profileinstaller:1.3.0] AndroidManifest.xml:29:13-31:52
152                android:name="androidx.profileinstaller.ProfileInstallerInitializer"
152-->[androidx.profileinstaller:profileinstaller:1.3.0] AndroidManifest.xml:30:17-85
153                android:value="androidx.startup" />
153-->[androidx.profileinstaller:profileinstaller:1.3.0] AndroidManifest.xml:31:17-49
154        </provider>
155
156        <service
156-->[com.google.android.datatransport:transport-backend-cct:3.1.8] AndroidManifest.xml:28:9-34:19
157            android:name="com.google.android.datatransport.runtime.backends.TransportBackendDiscovery"
157-->[com.google.android.datatransport:transport-backend-cct:3.1.8] AndroidManifest.xml:29:13-103
158            android:exported="false" >
158-->[com.google.android.datatransport:transport-backend-cct:3.1.8] AndroidManifest.xml:30:13-37
159            <meta-data
159-->[com.google.android.datatransport:transport-backend-cct:3.1.8] AndroidManifest.xml:31:13-33:39
160                android:name="backend:com.google.android.datatransport.cct.CctBackendFactory"
160-->[com.google.android.datatransport:transport-backend-cct:3.1.8] AndroidManifest.xml:32:17-94
161                android:value="cct" />
161-->[com.google.android.datatransport:transport-backend-cct:3.1.8] AndroidManifest.xml:33:17-36
162        </service>
163        <service
163-->[com.google.android.datatransport:transport-runtime:3.1.8] AndroidManifest.xml:26:9-30:19
164            android:name="com.google.android.datatransport.runtime.scheduling.jobscheduling.JobInfoSchedulerService"
164-->[com.google.android.datatransport:transport-runtime:3.1.8] AndroidManifest.xml:27:13-117
165            android:exported="false"
165-->[com.google.android.datatransport:transport-runtime:3.1.8] AndroidManifest.xml:28:13-37
166            android:permission="android.permission.BIND_JOB_SERVICE" >
166-->[com.google.android.datatransport:transport-runtime:3.1.8] AndroidManifest.xml:29:13-69
167        </service>
168
169        <receiver
169-->[com.google.android.datatransport:transport-runtime:3.1.8] AndroidManifest.xml:32:9-34:40
170            android:name="com.google.android.datatransport.runtime.scheduling.jobscheduling.AlarmManagerSchedulerBroadcastReceiver"
170-->[com.google.android.datatransport:transport-runtime:3.1.8] AndroidManifest.xml:33:13-132
171            android:exported="false" />
171-->[com.google.android.datatransport:transport-runtime:3.1.8] AndroidManifest.xml:34:13-37
172        <receiver
172-->[androidx.profileinstaller:profileinstaller:1.3.0] AndroidManifest.xml:34:9-52:20
173            android:name="androidx.profileinstaller.ProfileInstallReceiver"
173-->[androidx.profileinstaller:profileinstaller:1.3.0] AndroidManifest.xml:35:13-76
174            android:directBootAware="false"
174-->[androidx.profileinstaller:profileinstaller:1.3.0] AndroidManifest.xml:36:13-44
175            android:enabled="true"
175-->[androidx.profileinstaller:profileinstaller:1.3.0] AndroidManifest.xml:37:13-35
176            android:exported="true"
176-->[androidx.profileinstaller:profileinstaller:1.3.0] AndroidManifest.xml:38:13-36
177            android:permission="android.permission.DUMP" >
177-->[androidx.profileinstaller:profileinstaller:1.3.0] AndroidManifest.xml:39:13-57
178            <intent-filter>
178-->[androidx.profileinstaller:profileinstaller:1.3.0] AndroidManifest.xml:40:13-42:29
179                <action android:name="androidx.profileinstaller.action.INSTALL_PROFILE" />
179-->[androidx.profileinstaller:profileinstaller:1.3.0] AndroidManifest.xml:41:17-91
179-->[androidx.profileinstaller:profileinstaller:1.3.0] AndroidManifest.xml:41:25-88
180            </intent-filter>
181            <intent-filter>
181-->[androidx.profileinstaller:profileinstaller:1.3.0] AndroidManifest.xml:43:13-45:29
182                <action android:name="androidx.profileinstaller.action.SKIP_FILE" />
182-->[androidx.profileinstaller:profileinstaller:1.3.0] AndroidManifest.xml:44:17-85
182-->[androidx.profileinstaller:profileinstaller:1.3.0] AndroidManifest.xml:44:25-82
183            </intent-filter>
184            <intent-filter>
184-->[androidx.profileinstaller:profileinstaller:1.3.0] AndroidManifest.xml:46:13-48:29
185                <action android:name="androidx.profileinstaller.action.SAVE_PROFILE" />
185-->[androidx.profileinstaller:profileinstaller:1.3.0] AndroidManifest.xml:47:17-88
185-->[androidx.profileinstaller:profileinstaller:1.3.0] AndroidManifest.xml:47:25-85
186            </intent-filter>
187            <intent-filter>
187-->[androidx.profileinstaller:profileinstaller:1.3.0] AndroidManifest.xml:49:13-51:29
188                <action android:name="androidx.profileinstaller.action.BENCHMARK_OPERATION" />
188-->[androidx.profileinstaller:profileinstaller:1.3.0] AndroidManifest.xml:50:17-95
188-->[androidx.profileinstaller:profileinstaller:1.3.0] AndroidManifest.xml:50:25-92
189            </intent-filter>
190        </receiver>
191    </application>
192
193</manifest>